<?xml version="1.0" encoding="utf-8"?><testsuites name="pytest tests"><testsuite name="pytest" errors="0" failures="0" skipped="0" tests="21" time="2.062" timestamp="2026-06-22T08:26:34.196796+00:00" hostname="agent-env-edd1b542-7139-4c17-b1e4-8b80c5300e9e"><testcase classname="backend.tests.backend_test.TestHealth" name="test_health" time="0.162" /><testcase classname="backend.tests.backend_test.TestAuth" name="test_login_success" time="0.189" /><testcase classname="backend.tests.backend_test.TestAuth" name="test_login_invalid" time="0.169" /><testcase classname="backend.tests.backend_test.TestAuth" name="test_me_requires_auth" time="0.092" /><testcase classname="backend.tests.backend_test.TestAuth" name="test_me_with_bearer" time="0.220" /><testcase classname="backend.tests.backend_test.TestAuth" name="test_products_requires_auth" time="0.091" /><testcase classname="backend.tests.backend_test.TestProducts" name="test_list_products" time="0.049" /><testcase classname="backend.tests.backend_test.TestProducts" name="test_create_product" time="0.104" /><testcase classname="backend.tests.backend_test.TestCategories" name="test_list_categories" time="0.045" /><testcase classname="backend.tests.backend_test.TestCustomers" name="test_list_customers" time="0.045" /><testcase classname="backend.tests.backend_test.TestInventory" name="test_list_inventory" time="0.051" /><testcase classname="backend.tests.backend_test.TestSales" name="test_list_sales" time="0.048" /><testcase classname="backend.tests.backend_test.TestSuppliers" name="test_list_suppliers" time="0.045" /><testcase classname="backend.tests.backend_test.TestBranches" name="test_list_branches" time="0.046" /><testcase classname="backend.tests.backend_test.TestDashboard" name="test_dashboard_stats" time="0.056" /><testcase classname="backend.tests.backend_test.TestSettings" name="test_get_settings" time="0.045" /><testcase classname="backend.tests.backend_test.TestReports" name="test_reports_summary" time="0.044" /><testcase classname="backend.tests.backend_test.TestRBAC" name="test_cashier_login" time="0.209" /><testcase classname="backend.tests.backend_test.TestRBAC" name="test_cashier_cannot_list_users" time="0.044" /><testcase classname="backend.tests.backend_test.TestWebPages" name="test_login_page_renders" time="0.104" /><testcase classname="backend.tests.backend_test.TestWebPages" name="test_dashboard_redirects_when_unauth" time="0.110" /></testsuite></testsuites>